Start testing: Nov 13 15:17 MSK
----------------------------------------------------------
1/2 Testing: lab2_test
1/2 Test: lab2_test
Command: "/home/axr/prog/OS/main/build/tests/lab2_test"
Directory: /home/axr/prog/OS/main/build/tests
"lab2_test" start time: Nov 13 15:17 MSK
Output:
----------------------------------------------------------
Running main() from /home/axr/prog/OS/main/build/_deps/googletest-src/googletest/src/gtest_main.cc
[==========] Running 1 test from 1 test suite.
[----------] Global test environment set-up.
[----------] 1 test from SecondLabTest
[ RUN      ] SecondLabTest.TestWithIO
[       OK ] SecondLabTest.TestWithIO (0 ms)
[----------] 1 test from SecondLabTest (0 ms total)

[----------] Global test environment tear-down
[==========] 1 test from 1 test suite ran. (0 ms total)
[  PASSED  ] 1 test.
<end of output>
Test time =   0.00 sec
----------------------------------------------------------
Test Passed.
"lab2_test" end time: Nov 13 15:17 MSK
"lab2_test" time elapsed: 00:00:00
----------------------------------------------------------

2/2 Testing: lab3_test
2/2 Test: lab3_test
Command: "/home/axr/prog/OS/main/build/tests/lab3_test"
Directory: /home/axr/prog/OS/main/build/tests
"lab3_test" start time: Nov 13 15:17 MSK
Output:
----------------------------------------------------------
Running main() from /home/axr/prog/OS/main/build/_deps/googletest-src/googletest/src/gtest_main.cc
[==========] Running 3 tests from 1 test suite.
[----------] Global test environment set-up.
[----------] 3 tests from ThridLabTest
[ RUN      ] ThridLabTest.SingleThreadTest
[       OK ] ThridLabTest.SingleThreadTest (58 ms)
[ RUN      ] ThridLabTest.ThreadsConfigurationsTest
[       OK ] ThridLabTest.ThreadsConfigurationsTest (1991 ms)
[ RUN      ] ThridLabTest.ComparisonTest
Avg time for 1 thread: 190
Avg time for 12 threads: 5.5
[       OK ] ThridLabTest.ComparisonTest (5588 ms)
[----------] 3 tests from ThridLabTest (7638 ms total)

[----------] Global test environment tear-down
[==========] 3 tests from 1 test suite ran. (7638 ms total)
[  PASSED  ] 3 tests.
<end of output>
Test time =   7.64 sec
----------------------------------------------------------
Test Passed.
"lab3_test" end time: Nov 13 15:17 MSK
"lab3_test" time elapsed: 00:00:07
----------------------------------------------------------

End testing: Nov 13 15:17 MSK
